TN:
SF:src\assets\icons\index.ts
FNF:0
FNH:0
LF:0
LH:0
BRF:0
BRH:0
end_of_record
TN:
SF:src\hooks\useRooms.ts
FN:6,useRooms
FN:9,(anonymous_1)
FN:12,loadRooms
FN:27,(anonymous_3)
FNF:4
FNH:4
FNDA:3,useRooms
FNDA:2,(anonymous_1)
FNDA:2,loadRooms
FNDA:2,(anonymous_3)
DA:7,3
DA:9,3
DA:10,2
DA:13,2
DA:14,2
DA:18,1
DA:19,1
DA:22,1
DA:26,2
DA:27,2
DA:28,2
DA:32,3
LF:12
LH:12
BRDA:18,0,0,1
BRDA:18,0,1,0
BRF:2
BRH:1
end_of_record
TN:
SF:src\lib\format.ts
FN:5,parseTimestamp
FN:21,formatWithFallback
FN:36,formatTimestamp
FN:37,(anonymous_3)
FN:49,formatChartTime
FN:50,(anonymous_5)
FN:60,formatTime
FN:61,(anonymous_7)
FN:70,formatDateTime
FN:71,(anonymous_9)
FN:82,formatNumber
FNF:11
FNH:11
FNDA:12,parseTimestamp
FNDA:7,formatWithFallback
FNDA:4,formatTimestamp
FNDA:2,(anonymous_3)
FNDA:1,formatChartTime
FNDA:1,(anonymous_5)
FNDA:1,formatTime
FNDA:1,(anonymous_7)
FNDA:1,formatDateTime
FNDA:1,(anonymous_9)
FNDA:3,formatNumber
DA:2,1
DA:6,12
DA:8,10
DA:9,10
DA:11,9
DA:12,6
DA:15,3
DA:18,12
DA:25,7
DA:26,7
DA:27,7
DA:28,2
DA:30,5
DA:32,1
DA:37,4
DA:38,2
DA:50,1
DA:51,1
DA:61,1
DA:62,1
DA:71,1
DA:72,1
DA:86,3
DA:87,1
LF:24
LH:24
BRDA:2,0,0,1
BRDA:2,0,1,0
BRDA:6,1,0,2
BRDA:6,1,1,10
BRDA:9,2,0,1
BRDA:9,2,1,9
BRDA:11,3,0,6
BRDA:11,3,1,3
BRDA:15,4,0,1
BRDA:15,4,1,2
BRDA:27,5,0,2
BRDA:27,5,1,5
BRDA:28,6,0,1
BRDA:28,6,1,1
BRDA:32,7,0,1
BRDA:32,7,1,0
BRDA:84,8,0,3
BRDA:86,9,0,2
BRDA:86,9,1,1
BRF:19
BRH:17
end_of_record
TN:
SF:src\lib\graphql-client.ts
FNF:0
FNH:0
DA:4,1
DA:6,1
LF:2
LH:2
BRF:0
BRH:0
end_of_record
TN:
SF:src\lib\metrics.ts
FN:1,timestampMs
FN:7,sortByTimestampDesc
FN:11,(anonymous_2)
FN:16,sortByTimestampAsc
FN:20,(anonymous_4)
FN:24,buildRoomNameMap
FN:27,(anonymous_6)
FN:30,resolveRoomName
FN:40,getTimeRangeBounds
FN:52,isWithinTimeRange
FN:64,filterByTimeRange
FN:70,(anonymous_11)
FN:75,refreshIntervalToMs
FN:91,resolveRefreshIntervalMs
FN:99,formatRefreshInterval
FN:114,getRefreshIntervalInputStep
FN:140,normalizeRefreshIntervalInput
FN:163,appendNewById
FN:169,(anonymous_18)
FN:170,(anonymous_19)
FNF:20
FNH:20
FNDA:16,timestampMs
FNDA:2,sortByTimestampDesc
FNDA:6,(anonymous_2)
FNDA:1,sortByTimestampAsc
FNDA:1,(anonymous_4)
FNDA:2,buildRoomNameMap
FNDA:3,(anonymous_6)
FNDA:1,resolveRoomName
FNDA:2,getTimeRangeBounds
FNDA:3,isWithinTimeRange
FNDA:1,filterByTimeRange
FNDA:2,(anonymous_11)
FNDA:4,refreshIntervalToMs
FNDA:1,resolveRefreshIntervalMs
FNDA:4,formatRefreshInterval
FNDA:2,getRefreshIntervalInputStep
FNDA:5,normalizeRefreshIntervalInput
FNDA:2,appendNewById
FNDA:2,(anonymous_18)
FNDA:2,(anonymous_19)
DA:2,16
DA:3,16
DA:10,2
DA:11,6
DA:19,1
DA:20,1
DA:27,3
DA:34,1
DA:44,2
DA:45,2
DA:46,1
DA:48,1
DA:49,1
DA:57,3
DA:58,2
DA:59,2
DA:60,2
DA:61,2
DA:69,1
DA:70,2
DA:79,4
DA:80,4
DA:82,2
DA:84,1
DA:86,1
DA:95,1
DA:96,1
DA:100,4
DA:101,2
DA:102,2
DA:104,2
DA:105,1
DA:106,1
DA:107,1
DA:109,1
DA:110,1
DA:111,4
DA:115,2
DA:121,1
DA:130,1
DA:144,5
DA:145,1
DA:148,4
DA:149,2
DA:150,2
DA:151,1
DA:154,2
DA:155,2
DA:156,2
DA:157,1
DA:160,0
DA:168,2
DA:169,2
DA:170,2
DA:171,1
DA:172,1
LF:56
LH:55
BRDA:3,0,0,0
BRDA:3,0,1,16
BRDA:27,1,0,3
BRDA:27,1,1,1
BRDA:34,2,0,1
BRDA:34,2,1,1
BRDA:42,3,0,2
BRDA:45,4,0,1
BRDA:45,4,1,1
BRDA:45,5,0,2
BRDA:45,5,1,1
BRDA:55,6,0,3
BRDA:57,7,0,1
BRDA:57,7,1,2
BRDA:57,8,0,3
BRDA:57,8,1,2
BRDA:59,9,0,0
BRDA:59,9,1,2
BRDA:61,10,0,2
BRDA:61,10,1,1
BRDA:69,11,0,0
BRDA:69,11,1,1
BRDA:69,12,0,1
BRDA:69,12,1,1
BRDA:80,13,0,2
BRDA:80,13,1,1
BRDA:80,13,2,1
BRDA:96,14,0,0
BRDA:96,14,1,1
BRDA:100,15,0,2
BRDA:100,15,1,2
BRDA:102,16,0,1
BRDA:102,16,1,1
BRDA:104,17,0,1
BRDA:104,17,1,1
BRDA:106,18,0,1
BRDA:106,18,1,0
BRDA:107,19,0,1
BRDA:107,19,1,0
BRDA:110,20,0,1
BRDA:110,20,1,0
BRDA:111,21,0,1
BRDA:111,21,1,0
BRDA:115,22,0,1
BRDA:115,22,1,1
BRDA:144,23,0,1
BRDA:144,23,1,4
BRDA:148,24,0,2
BRDA:148,24,1,2
BRDA:150,25,0,1
BRDA:150,25,1,1
BRDA:154,26,0,2
BRDA:154,26,1,0
BRDA:156,27,0,1
BRDA:156,27,1,1
BRDA:168,28,0,1
BRDA:168,28,1,1
BRDA:171,29,0,0
BRDA:171,29,1,1
BRF:59
BRH:49
end_of_record
TN:
SF:src\lib\motion-events.ts
FN:8,notify
FN:9,(anonymous_1)
FN:12,subscribeMotionEvents
FN:14,(anonymous_3)
FN:17,getMotionEventsSnapshot
FN:21,pushMotionEvent
FN:27,clearMotionEvents
FNF:7
FNH:7
FNDA:106,notify
FNDA:3,(anonymous_1)
FNDA:2,subscribeMotionEvents
FNDA:1,(anonymous_3)
FNDA:3,getMotionEventsSnapshot
FNDA:103,pushMotionEvent
FNDA:5,clearMotionEvents
DA:3,1
DA:5,1
DA:6,1
DA:9,106
DA:13,2
DA:14,2
DA:18,3
DA:22,103
DA:23,103
DA:24,103
DA:28,5
DA:29,3
DA:30,3
LF:13
LH:13
BRDA:23,0,0,1
BRDA:23,0,1,102
BRDA:28,1,0,2
BRDA:28,1,1,3
BRF:4
BRH:4
end_of_record
TN:
SF:src\lib\signalr-client.ts
FN:9,createSignalRConnection
FN:22,startConnection
FN:36,(anonymous_2)
FNF:3
FNH:3
FNDA:1,createSignalRConnection
FNDA:6,startConnection
FNDA:1,(anonymous_2)
DA:10,1
DA:26,6
DA:28,5
DA:29,5
DA:30,3
DA:31,2
DA:34,2
DA:35,1
DA:36,1
DA:37,1
LF:10
LH:10
BRDA:17,0,0,1
BRDA:17,0,1,0
BRDA:26,1,0,1
BRDA:26,1,1,5
BRDA:30,2,0,2
BRDA:30,2,1,1
BRDA:34,3,0,1
BRDA:34,3,1,1
BRF:8
BRH:7
end_of_record
TN:
SF:src\types\config.ts
FN:1,requireEnv
FNF:1
FNH:1
FNDA:3,requireEnv
DA:2,3
DA:3,1
DA:5,2
DA:8,2
LF:4
LH:4
BRDA:2,0,0,1
BRDA:2,0,1,2
BRF:2
BRH:2
end_of_record
TN:
SF:src\types\constants.ts
FNF:0
FNH:0
DA:4,1
DA:13,1
DA:21,1
DA:26,1
DA:31,1
DA:38,1
DA:45,1
DA:54,1
DA:65,1
DA:75,1
DA:81,1
DA:108,1
LF:12
LH:12
BRF:0
BRH:0
end_of_record
TN:
SF:src\types\graphql.ts
FNF:0
FNH:0
DA:3,2
DA:22,2
DA:34,2
DA:51,2
DA:66,2
LF:5
LH:5
BRF:0
BRH:0
end_of_record
TN:
SF:src\types\index.d.ts
FNF:0
FNH:0
LF:0
LH:0
BRF:0
BRH:0
end_of_record
